2023-06-29 04:04:04 J1 Random log entry for J1
2023-06-29 05:12:17 s52 Random log entry generated from s52
2023-06-29 05:44:53 s11 Random log entry generated from s11
2023-06-29 06:28:29 s27 Random log entry generated from s27
2023-06-29 06:59:12 J1 Another log entry for J1
2023-06-29 08:05:41 s5 Random log entry generated from s5
2023-06-29 08:36:09 s34 Random log entry generated from s34
2023-06-29 09:17:53 J1 J1 log entry number three
2023-06-29 10:24:12 s84 Random log entry generated from s84
2023-06-29 10:53:29 s66 Random log entry generated from s66
2023-06-29 11:40:18 J1 Another J1 log entry
2023-06-29 12:47:01 s22 Random log entry generated from s22
2023-06-29 13:15:33 s70 Random log entry generated from s70
2023-06-29 14:08:07 J1 J1 log entry number six
2023-06-29 15:15:12 s49 Random log entry generated from s49
2023-06-29 15:51:59 s95 Random log entry generated from s95
2023-06-29 16:40:24 J1 Log entry for J1
2023-06-29 17:45:33 s1 Random log entry generated from s1
2023-06-29 18:18:22 s99 Random log entry generated from s99
2023-06-29 19:02:04 J1 Another log entry for J1
2023-06-29 20:03:56 s38 Random log entry generated from s38
2023-06-29 20:39:27 s16 Random log entry generated from s16
2023-06-29 20:52:44 s1 sample log text generated from s1
2023-06-29 21:29:05 J1 J1 log entry number four
2023-06-29 22:38:18 s77 Random log entry generated from s77
2023-06-29 23:09:47 s68 Random log entry generated from s68
2023-06-30 00:03:21 J1 Another J1 log entry
2023-06-30 01:19:59 s31 Random log entry generated from s31
2023-06-30 01:48:27 s91 Random log entry generated from s91
2023-06-30 02:42:52 J1 J1 log entry number five
2023-06-30 03:59:01 s19 Random log entry generated from s19
2023-06-30 04:32:14 s47 Random log entry generated from s47
2023-06-30 05:24:48 J1 Log entry for J1
2023-06-30 06:42:56 s76 Random log entry generated from s76
2023-06-30 07:12:23 s23 Random log entry generated from s23
2023-06-30 08:06:49 J1 Another log entry for J1
2023-06-30 09:25:03 s64 Random log entry generated from s64
2023-06-30 09:51:28 s41 Random log entry generated from s41
2023-06-30 10:47:17 J1 J1 log entry number six
2023-06-30 12:05:24 s28 Random log entry generated from s28
2023-06-30 12:33:52 s67 Random log entry generated from s67
2023-06-30 13:29:12 J1 Another J1 log entry
2023-06-30 14:48:03 s37 Random log entry generated from s37
2023-06-30 15:17:29 s92 Random log entry generated from s92
2023-06-30 16:14:09 J1 J1 log entry number four
2023-06-30 17:34:54 s53 Random log entry generated from s53
2023-06-30 18:03:27 s81 Random log entry generated from s81
2023-06-30 19:01:01 J1 Another log entry for J1
2023-06-30 20:23:56 s7 Random log entry generated from s7
2023-06-30 20:53:28 s97 Random log entry generated from s97
2023-06-30 21:51:05 J1 J1 log entry number five
2023-06-30 23:14:16 s46 Random log entry generated from s46
2023-07-01 00:44:42 s29 Random log entry generated from s29
2023-07-01 01:42:14 J1 Log entry for J1
2023-07-01 03:09:22 s55 Random log entry generated from s55
2023-07-01 03:42:35 s71 Random log entry generated from s71
2023-07-01 04:40:07 J1 Another log entry for J1
2023-07-01 06:09:11 s42 Random log entry generated from s42
2023-07-01 06:42:23 s89 Random log entry generated from s89
2023-07-01 07:40:03 J1 J1 log entry number six
2023-07-01 09:08:54 s58 Random log entry generated from s58
2023-07-01 09:41:05 s73 Random log entry generated from s73
2023-07-01 10:38:44 J1 Another J1 log entry
2023-07-01 12:00:00 s100 Random log entry generated from s100
